[02:00:52] [ServerMain/INFO]: Environment: Environment[sessionHost=https://sessionserver.mojang.com, servicesHost=https://api.minecraftservices.com, name=PROD]
[02:00:53] [ServerMain/INFO]: No existing world data, creating new world
[02:00:53] [ServerMain/INFO]: Loaded 1290 recipes
[02:00:53] [ServerMain/INFO]: Loaded 1399 advancements
[02:00:54] [Server thread/INFO]: Starting minecraft server version 1.21
[02:00:54] [Server thread/INFO]: Loading properties
[02:00:54] [Server thread/INFO]: Default game type: SURVIVAL
[02:00:54] [Server thread/INFO]: Generating keypair
[02:00:54] [Server thread/INFO]: Starting Minecraft server on *:25565
[02:00:54] [Server thread/INFO]: Using epoll channel type
[02:00:54] [Server thread/WARN]: **** SERVER IS RUNNING IN OFFLINE/INSECURE MODE!
[02:00:54] [Server thread/WARN]: The server will make no attempt to authenticate usernames. Beware.
[02:00:54] [Server thread/WARN]: While this makes the game possible to play without internet access, it also opens up the ability for hackers to connect with any username they choose.
[02:00:54] [Server thread/WARN]: To change this, set "online-mode" to "true" in the server.properties file.
[02:00:54] [Server thread/INFO]: Preparing level "world"
[02:01:01] [Server thread/INFO]: Preparing start region for dimension minecraft:overworld
[02:01:01] [Worker-Main-2/INFO]: Preparing spawn area: 2%
[02:01:02] [Worker-Main-2/INFO]: Preparing spawn area: 2%
[02:01:02] [Worker-Main-2/INFO]: Preparing spawn area: 2%
[02:01:03] [Worker-Main-3/INFO]: Preparing spawn area: 2%
[02:01:03] [Worker-Main-2/INFO]: Preparing spawn area: 14%
[02:01:04] [Worker-Main-3/INFO]: Preparing spawn area: 18%
[02:01:04] [Worker-Main-3/INFO]: Preparing spawn area: 18%
[02:01:05] [Worker-Main-1/INFO]: Preparing spawn area: 18%
[02:01:05] [Worker-Main-3/INFO]: Preparing spawn area: 51%
[02:01:06] [Worker-Main-2/INFO]: Preparing spawn area: 51%
[02:01:06] [Worker-Main-1/INFO]: Preparing spawn area: 51%
[02:01:07] [Server thread/INFO]: Time elapsed: 5339 ms
[02:01:07] [Server thread/INFO]: Done (12.259s)! For help, type "help"
[02:03:55] [Server thread/INFO]: jonajgp[/127.127.200.125:50795] logged in with entity id 10 at (232.5, 63.0, -183.5)
[02:03:55] [Server thread/INFO]: jonajgp joined the game
[02:06:03] [Server thread/INFO]: jonajgp lost connection: Disconnected
[02:06:03] [Server thread/INFO]: jonajgp left the game
[02:06:46] [Server thread/INFO]: jonajgp[/127.127.200.125:33875] logged in with entity id 879 at (230.2850144191516, 58.0, -214.85545547325205)
[02:06:46] [Server thread/INFO]: jonajgp joined the game
[02:08:21] [Server thread/INFO]: jonajgp lost connection: Disconnected
[02:08:21] [Server thread/INFO]: jonajgp left the game
[02:09:05] [Server thread/INFO]: jonajgp[/127.127.200.125:37285] logged in with entity id 1357 at (227.51060147717357, 63.0, -178.69999998807907)
[02:09:05] [Server thread/INFO]: jonajgp joined the game
[02:13:37] [Server thread/INFO]: jonajgp lost connection: Disconnected
[02:13:37] [Server thread/INFO]: jonajgp left the game
[02:18:36] [Server thread/INFO]: jonajgp[/127.127.200.125:34345] logged in with entity id 2507 at (236.5687256852146, 65.0, -157.92092307566182)
[02:18:36] [Server thread/INFO]: jonajgp joined the game
[02:25:00] [Server thread/INFO]: jonajgp has made the advancement [Stone Age]
[02:34:30] [Server thread/INFO]: jonajgp lost connection: Disconnected
[02:34:30] [Server thread/INFO]: jonajgp left the game
[02:37:50] [Server thread/INFO]: jonajgp[/127.127.200.125:49491] logged in with entity id 4897 at (221.78095211837598, 65.0, -170.3750919444087)
[02:37:50] [Server thread/INFO]: jonajgp joined the game
[02:41:55] [Server thread/INFO]: jonajgp lost connection: Disconnected
[02:41:55] [Server thread/INFO]: jonajgp left the game
[02:42:03] [Server thread/INFO]: Stopping the server
[02:42:03] [Server thread/INFO]: Stopping server
[02:42:03] [Server thread/INFO]: Saving players
[02:42:03] [Server thread/INFO]: Saving worlds
[02:42:04] [Server thread/INFO]: Saving chunks for level 'ServerLevel[world]'/minecraft:overworld
[02:42:04] [Server thread/INFO]: Saving chunks for level 'ServerLevel[world]'/minecraft:the_nether
[02:42:04] [Server thread/INFO]: Saving chunks for level 'ServerLevel[world]'/minecraft:the_end
[02:42:04] [Server thread/INFO]: ThreadedAnvilChunkStorage (world): All chunks are saved
[02:42:04] [Server thread/INFO]: ThreadedAnvilChunkStorage (DIM-1): All chunks are saved
[02:42:04] [Server thread/INFO]: ThreadedAnvilChunkStorage (DIM1): All chunks are saved
[02:42:04] [Server thread/INFO]: ThreadedAnvilChunkStorage: All dimensions are saved
